# JRE version: OpenJDK Runtime Environment (21.0.8) (build 21.0.8+-14196175-b1038.72)
# Java VM: OpenJDK 64-Bit Server VM (21.0.8+-14196175-b1038.72, mixed mode, tiered, compressed oops, compressed class ptrs, g1 gc, windows-amd64)
GC Precious Log:
 CardTable entry size: 512
 Card Set container configuration: InlinePtr #cards 5 size 8 Array Of Cards #cards 12 size 40 Howl #buckets 4 coarsen threshold 1843 Howl Bitmap #cards 512 size 80 coarsen threshold 460 Card regions per heap region 1 cards per card region 2048
 CPUs: 12 total, 12 available
 Memory: 15706M
 Large Page Support: Disabled
 NUMA Support: Disabled
 Compressed Oops: Enabled (32-bit)
 Heap Region Size: 1M
 Heap Min Capacity: 8M
 Heap Initial Capacity: 246M
 Heap Max Capacity: 1G
 Pre-touch: Disabled
 Parallel Workers: 10
 Concurrent Workers: 3
 Concurrent Refinement Workers: 10
 Periodic GC: Disabled
Heap:
 garbage-first heap   total 306176K, used 259504K [0x00000000c0000000, 0x0000000100000000)
  region size 1024K, 86 young (88064K), 3 survivors (3072K)
 Metaspace       used 191863K, committed 194496K, reserved 409600K
  class space    used 24567K, committed 25856K, reserved 212992K
GC Heap History (20 events):
Event: 51.660 GC heap before
{Heap before GC invocations=120 (full 0):
 garbage-first heap   total 285696K, used 256156K [0x00000000c0000000, 0x0000000100000000)
  region size 1024K, 89 young (91136K), 8 survivors (8192K)
 Metaspace       used 177740K, committed 180224K, reserved 409600K
  class space    used 22729K, committed 23936K, reserved 212992K
}
Event: 51.664 GC heap after
{Heap after GC invocations=121 (full 0):
 garbage-first heap   total 285696K, used 161327K [0x00000000c0000000, 0x0000000100000000)
  region size 1024K, 2 young (2048K), 2 survivors (2048K)
 Metaspace       used 177740K, committed 180224K, reserved 409600K
  class space    used 22729K, committed 23936K, reserved 212992K
}
Event: 52.562 GC heap before
{Heap before GC invocations=122 (full 0):
 garbage-first heap   total 285696K, used 260655K [0x00000000c0000000, 0x0000000100000000)
  region size 1024K, 97 young (99328K), 2 survivors (2048K)
 Metaspace       used 182452K, committed 185024K, reserved 409600K
  class space    used 23389K, committed 24640K, reserved 212992K
}
Event: 52.566 GC heap after
{Heap after GC invocations=123 (full 0):
 garbage-first heap   total 285696K, used 160208K [0x00000000c0000000, 0x0000000100000000)
  region size 1024K, 5 young (5120K), 5 survivors (5120K)
 Metaspace       used 182452K, committed 185024K, reserved 409600K
  class space    used 23389K, committed 24640K, reserved 212992K
}
Event: 52.794 GC heap before
{Heap before GC invocations=123 (full 0):
 garbage-first heap   total 285696K, used 269776K [0x00000000c0000000, 0x0000000100000000)
  region size 1024K, 103 young (105472K), 5 survivors (5120K)
 Metaspace       used 182463K, committed 185024K, reserved 409600K
  class space    used 23389K, committed 24640K, reserved 212992K
}
Event: 52.810 GC heap after
{Heap after GC invocations=124 (full 0):
 garbage-first heap   total 299008K, used 167112K [0x00000000c0000000, 0x0000000100000000)
  region size 1024K, 13 young (13312K), 13 survivors (13312K)
 Metaspace       used 182463K, committed 185024K, reserved 409600K
  class space    used 23389K, committed 24640K, reserved 212992K
}
Event: 54.399 GC heap before
{Heap before GC invocations=124 (full 0):
 garbage-first heap   total 299008K, used 262344K [0x00000000c0000000, 0x0000000100000000)
  region size 1024K, 106 young (108544K), 13 survivors (13312K)
 Metaspace       used 185450K, committed 188032K, reserved 409600K
  class space    used 23766K, committed 25024K, reserved 212992K
}
Event: 54.411 GC heap after
{Heap after GC invocations=125 (full 0):
 garbage-first heap   total 299008K, used 179791K [0x00000000c0000000, 0x0000000100000000)
  region size 1024K, 12 young (12288K), 12 survivors (12288K)
 Metaspace       used 185450K, committed 188032K, reserved 409600K
  class space    used 23766K, committed 25024K, reserved 212992K
}
Event: 55.537 GC heap before
{Heap before GC invocations=126 (full 0):
 garbage-first heap   total 299008K, used 264783K [0x00000000c0000000, 0x0000000100000000)
  region size 1024K, 97 young (99328K), 12 survivors (12288K)
 Metaspace       used 185644K, committed 188224K, reserved 409600K
  class space    used 23768K, committed 25024K, reserved 212992K
}
Event: 55.543 GC heap after
{Heap after GC invocations=127 (full 0):
 garbage-first heap   total 299008K, used 182359K [0x00000000c0000000, 0x0000000100000000)
  region size 1024K, 4 young (4096K), 4 survivors (4096K)
 Metaspace       used 185644K, committed 188224K, reserved 409600K
  class space    used 23768K, committed 25024K, reserved 212992K
}
Event: 56.073 GC heap before
{Heap before GC invocations=127 (full 0):
 garbage-first heap   total 299008K, used 270423K [0x00000000c0000000, 0x0000000100000000)
  region size 1024K, 90 young (92160K), 4 survivors (4096K)
 Metaspace       used 185693K, committed 188288K, reserved 409600K
  class space    used 23768K, committed 25024K, reserved 212992K
}
Event: 56.078 GC heap after
{Heap after GC invocations=128 (full 0):
 garbage-first heap   total 299008K, used 182124K [0x00000000c0000000, 0x0000000100000000)
  region size 1024K, 6 young (6144K), 6 survivors (6144K)
 Metaspace       used 185693K, committed 188288K, reserved 409600K
  class space    used 23768K, committed 25024K, reserved 212992K
}
Event: 56.084 GC heap before
{Heap before GC invocations=128 (full 0):
 garbage-first heap   total 299008K, used 183148K [0x00000000c0000000, 0x0000000100000000)
  region size 1024K, 8 young (8192K), 6 survivors (6144K)
 Metaspace       used 185693K, committed 188288K, reserved 409600K
  class space    used 23768K, committed 25024K, reserved 212992K
}
Event: 56.088 GC heap after
{Heap after GC invocations=129 (full 0):
 garbage-first heap   total 299008K, used 182544K [0x00000000c0000000, 0x0000000100000000)
  region size 1024K, 7 young (7168K), 7 survivors (7168K)
 Metaspace       used 185693K, committed 188288K, reserved 409600K
  class space    used 23768K, committed 25024K, reserved 212992K
}
Event: 56.451 GC heap before
{Heap before GC invocations=130 (full 0):
 garbage-first heap   total 306176K, used 262416K [0x00000000c0000000, 0x0000000100000000)
  region size 1024K, 85 young (87040K), 7 survivors (7168K)
 Metaspace       used 185832K, committed 188416K, reserved 409600K
  class space    used 23768K, committed 25024K, reserved 212992K
}
Event: 56.459 GC heap after
{Heap after GC invocations=131 (full 0):
 garbage-first heap   total 306176K, used 190622K [0x00000000c0000000, 0x0000000100000000)
  region size 1024K, 11 young (11264K), 11 survivors (11264K)
 Metaspace       used 185832K, committed 188416K, reserved 409600K
  class space    used 23768K, committed 25024K, reserved 212992K
}
Event: 56.930 GC heap before
{Heap before GC invocations=131 (full 0):
 garbage-first heap   total 306176K, used 272542K [0x00000000c0000000, 0x0000000100000000)
  region size 1024K, 90 young (92160K), 11 survivors (11264K)
 Metaspace       used 186143K, committed 188736K, reserved 409600K
  class space    used 23778K, committed 25024K, reserved 212992K
}
Event: 56.939 GC heap after
{Heap after GC invocations=132 (full 0):
 garbage-first heap   total 306176K, used 187217K [0x00000000c0000000, 0x0000000100000000)
  region size 1024K, 10 young (10240K), 10 survivors (10240K)
 Metaspace       used 186143K, committed 188736K, reserved 409600K
  class space    used 23778K, committed 25024K, reserved 212992K
}
Event: 57.748 GC heap before
{Heap before GC invocations=132 (full 0):
 garbage-first heap   total 306176K, used 271185K [0x00000000c0000000, 0x0000000100000000)
  region size 1024K, 92 young (94208K), 10 survivors (10240K)
 Metaspace       used 188312K, committed 190912K, reserved 409600K
  class space    used 24093K, committed 25344K, reserved 212992K
}
Event: 57.751 GC heap after
{Heap after GC invocations=133 (full 0):
 garbage-first heap   total 306176K, used 176560K [0x00000000c0000000, 0x0000000100000000)
  region size 1024K, 3 young (3072K), 3 survivors (3072K)
 Metaspace       used 188312K, committed 190912K, reserved 409600K
  class space    used 24093K, committed 25344K, reserved 212992K
}

