# JRE version: OpenJDK Runtime Environment (21.0.8) (build 21.0.8+-14196175-b1038.72)
# Java VM: OpenJDK 64-Bit Server VM (21.0.8+-14196175-b1038.72, mixed mode, tiered, compressed oops, compressed class ptrs, g1 gc, windows-amd64)
GC Precious Log:
 CardTable entry size: 512
 Card Set container configuration: InlinePtr #cards 5 size 8 Array Of Cards #cards 12 size 40 Howl #buckets 4 coarsen threshold 1843 Howl Bitmap #cards 512 size 80 coarsen threshold 460 Card regions per heap region 1 cards per card region 2048
 CPUs: 12 total, 12 available
 Memory: 15706M
 Large Page Support: Disabled
 NUMA Support: Disabled
 Compressed Oops: Enabled (32-bit)
 Heap Region Size: 1M
 Heap Min Capacity: 8M
 Heap Initial Capacity: 246M
 Heap Max Capacity: 1G
 Pre-touch: Disabled
 Parallel Workers: 10
 Concurrent Workers: 3
 Concurrent Refinement Workers: 10
 Periodic GC: Disabled
Heap:
 garbage-first heap   total 106496K, used 99593K [0x00000000c0000000, 0x0000000100000000)
  region size 1024K, 39 young (39936K), 3 survivors (3072K)
 Metaspace       used 82950K, committed 84480K, reserved 344064K
  class space    used 11441K, committed 12160K, reserved 212992K
GC Heap History (20 events):
Event: 6.271 GC heap after
{Heap after GC invocations=12 (full 0):
 garbage-first heap   total 76800K, used 34970K [0x00000000c0000000, 0x0000000100000000)
  region size 1024K, 5 young (5120K), 5 survivors (5120K)
 Metaspace       used 49055K, committed 50112K, reserved 278528K
  class space    used 6674K, committed 7168K, reserved 212992K
}
Event: 6.893 GC heap before
{Heap before GC invocations=12 (full 0):
 garbage-first heap   total 76800K, used 65690K [0x00000000c0000000, 0x0000000100000000)
  region size 1024K, 35 young (35840K), 5 survivors (5120K)
 Metaspace       used 52761K, committed 54144K, reserved 278528K
  class space    used 7319K, committed 8000K, reserved 212992K
}
Event: 6.897 GC heap after
{Heap after GC invocations=13 (full 0):
 garbage-first heap   total 76800K, used 37046K [0x00000000c0000000, 0x0000000100000000)
  region size 1024K, 2 young (2048K), 2 survivors (2048K)
 Metaspace       used 52761K, committed 54144K, reserved 278528K
  class space    used 7319K, committed 8000K, reserved 212992K
}
Event: 6.941 GC heap before
{Heap before GC invocations=13 (full 0):
 garbage-first heap   total 76800K, used 39094K [0x00000000c0000000, 0x0000000100000000)
  region size 1024K, 6 young (6144K), 2 survivors (2048K)
 Metaspace       used 53085K, committed 54464K, reserved 278528K
  class space    used 7352K, committed 8000K, reserved 212992K
}
Event: 6.943 GC heap after
{Heap after GC invocations=14 (full 0):
 garbage-first heap   total 76800K, used 37529K [0x00000000c0000000, 0x0000000100000000)
  region size 1024K, 3 young (3072K), 3 survivors (3072K)
 Metaspace       used 53085K, committed 54464K, reserved 278528K
  class space    used 7352K, committed 8000K, reserved 212992K
}
Event: 7.152 GC heap before
{Heap before GC invocations=15 (full 0):
 garbage-first heap   total 76800K, used 69273K [0x00000000c0000000, 0x0000000100000000)
  region size 1024K, 32 young (32768K), 3 survivors (3072K)
 Metaspace       used 54222K, committed 55552K, reserved 278528K
  class space    used 7425K, committed 8064K, reserved 212992K
}
Event: 7.155 GC heap after
{Heap after GC invocations=16 (full 0):
 garbage-first heap   total 92160K, used 37651K [0x00000000c0000000, 0x0000000100000000)
  region size 1024K, 1 young (1024K), 1 survivors (1024K)
 Metaspace       used 54222K, committed 55552K, reserved 278528K
  class space    used 7425K, committed 8064K, reserved 212992K
}
Event: 7.911 GC heap before
{Heap before GC invocations=16 (full 0):
 garbage-first heap   total 92160K, used 82707K [0x00000000c0000000, 0x0000000100000000)
  region size 1024K, 45 young (46080K), 1 survivors (1024K)
 Metaspace       used 61411K, committed 62784K, reserved 278528K
  class space    used 8830K, committed 9472K, reserved 212992K
}
Event: 7.914 GC heap after
{Heap after GC invocations=17 (full 0):
 garbage-first heap   total 92160K, used 38522K [0x00000000c0000000, 0x0000000100000000)
  region size 1024K, 3 young (3072K), 3 survivors (3072K)
 Metaspace       used 61411K, committed 62784K, reserved 278528K
  class space    used 8830K, committed 9472K, reserved 212992K
}
Event: 8.607 GC heap before
{Heap before GC invocations=17 (full 0):
 garbage-first heap   total 92160K, used 82554K [0x00000000c0000000, 0x0000000100000000)
  region size 1024K, 46 young (47104K), 3 survivors (3072K)
 Metaspace       used 67727K, committed 69120K, reserved 278528K
  class space    used 9656K, committed 10304K, reserved 212992K
}
Event: 8.609 GC heap after
{Heap after GC invocations=18 (full 0):
 garbage-first heap   total 92160K, used 39601K [0x00000000c0000000, 0x0000000100000000)
  region size 1024K, 4 young (4096K), 4 survivors (4096K)
 Metaspace       used 67727K, committed 69120K, reserved 278528K
  class space    used 9656K, committed 10304K, reserved 212992K
}
Event: 9.197 GC heap before
{Heap before GC invocations=18 (full 0):
 garbage-first heap   total 92160K, used 81585K [0x00000000c0000000, 0x0000000100000000)
  region size 1024K, 45 young (46080K), 4 survivors (4096K)
 Metaspace       used 73765K, committed 75264K, reserved 278528K
  class space    used 10399K, committed 11136K, reserved 212992K
}
Event: 9.201 GC heap after
{Heap after GC invocations=19 (full 0):
 garbage-first heap   total 92160K, used 40824K [0x00000000c0000000, 0x0000000100000000)
  region size 1024K, 5 young (5120K), 5 survivors (5120K)
 Metaspace       used 73765K, committed 75264K, reserved 278528K
  class space    used 10399K, committed 11136K, reserved 212992K
}
Event: 9.489 GC heap before
{Heap before GC invocations=20 (full 0):
 garbage-first heap   total 92160K, used 87928K [0x00000000c0000000, 0x0000000100000000)
  region size 1024K, 44 young (45056K), 5 survivors (5120K)
 Metaspace       used 74906K, committed 76416K, reserved 344064K
  class space    used 10542K, committed 11264K, reserved 212992K
}
Event: 9.671 GC heap after
{Heap after GC invocations=21 (full 0):
 garbage-first heap   total 105472K, used 59940K [0x00000000c0000000, 0x0000000100000000)
  region size 1024K, 6 young (6144K), 6 survivors (6144K)
 Metaspace       used 74906K, committed 76416K, reserved 344064K
  class space    used 10542K, committed 11264K, reserved 212992K
}
Event: 10.095 GC heap before
{Heap before GC invocations=21 (full 0):
 garbage-first heap   total 105472K, used 90660K [0x00000000c0000000, 0x0000000100000000)
  region size 1024K, 36 young (36864K), 6 survivors (6144K)
 Metaspace       used 78093K, committed 79552K, reserved 344064K
  class space    used 10938K, committed 11648K, reserved 212992K
}
Event: 10.100 GC heap after
{Heap after GC invocations=22 (full 0):
 garbage-first heap   total 105472K, used 55896K [0x00000000c0000000, 0x0000000100000000)
  region size 1024K, 3 young (3072K), 3 survivors (3072K)
 Metaspace       used 78093K, committed 79552K, reserved 344064K
  class space    used 10938K, committed 11648K, reserved 212992K
}
Event: 10.213 GC heap before
{Heap before GC invocations=22 (full 0):
 garbage-first heap   total 105472K, used 64088K [0x00000000c0000000, 0x0000000100000000)
  region size 1024K, 12 young (12288K), 3 survivors (3072K)
 Metaspace       used 79030K, committed 80512K, reserved 344064K
  class space    used 11038K, committed 11776K, reserved 212992K
}
Event: 10.215 GC heap after
{Heap after GC invocations=23 (full 0):
 garbage-first heap   total 105472K, used 56585K [0x00000000c0000000, 0x0000000100000000)
  region size 1024K, 4 young (4096K), 4 survivors (4096K)
 Metaspace       used 79030K, committed 80512K, reserved 344064K
  class space    used 11038K, committed 11776K, reserved 212992K
}
Event: 13.110 GC heap before
{Heap before GC invocations=24 (full 0):
 garbage-first heap   total 106496K, used 99593K [0x00000000c0000000, 0x0000000100000000)
  region size 1024K, 40 young (40960K), 4 survivors (4096K)
 Metaspace       used 82950K, committed 84480K, reserved 344064K
  class space    used 11441K, committed 12160K, reserved 212992K
}

